\BOOKMARK [0][-]{chapter.1}{Contexte}{}
\BOOKMARK [0][-]{chapter.2}{Notions de base}{}
\BOOKMARK [1][-]{section.2.1}{Pr\351dicat}{chapter.2}
\BOOKMARK [1][-]{section.2.2}{Atome}{chapter.2}
\BOOKMARK [1][-]{section.2.3}{Conjonction d'atomes}{chapter.2}
\BOOKMARK [1][-]{section.2.4}{Repr\351sentation graphique d'une conjonction d'atomes}{chapter.2}
\BOOKMARK [1][-]{section.2.5}{R\350gle}{chapter.2}
\BOOKMARK [1][-]{section.2.6}{Repr\351sentation graphique d'une r\350gle}{chapter.2}
\BOOKMARK [1][-]{section.2.7}{R\350gle \340 conclusion atomique}{chapter.2}
\BOOKMARK [1][-]{section.2.8}{Base de connaissance}{chapter.2}
\BOOKMARK [1][-]{section.2.9}{Cha\356nage avant}{chapter.2}
\BOOKMARK [1][-]{section.2.10}{Cha\356nage arri\350re}{chapter.2}
\BOOKMARK [0][-]{chapter.3}{Graphe de d\351pendances des r\350gles}{}
\BOOKMARK [1][-]{section.3.1}{D\351finition}{chapter.3}
\BOOKMARK [1][-]{section.3.2}{Unification de r\350gles}{chapter.3}
\BOOKMARK [0][-]{chapter.4}{Classes de r\350gles}{}
\BOOKMARK [1][-]{section.4.1}{Classes abstraites}{chapter.4}
\BOOKMARK [1][-]{section.4.2}{Classes concr\350tes}{chapter.4}
\BOOKMARK [1][-]{section.4.3}{Sch\351ma d'inclusion des classes de r\350gles}{chapter.4}
\BOOKMARK [1][-]{section.4.4}{Combinaisons}{chapter.4}
\BOOKMARK [0][-]{chapter.5}{Impl\351mentation}{}
\BOOKMARK [1][-]{section.5.1}{Structures de donn\351e}{chapter.5}
\BOOKMARK [1][-]{section.5.2}{GRDAnalyser}{chapter.5}
\BOOKMARK [1][-]{section.5.3}{D\351termination d'une classe concr\350te}{chapter.5}
\BOOKMARK [1][-]{section.5.4}{Combinaison des classes abstraites}{chapter.5}
\BOOKMARK [1][-]{section.5.5}{Formats de fichiers}{chapter.5}
\BOOKMARK [0][-]{chapter.6}{Perspectives}{}
